<?xml version="1.0" encoding="UTF-8"?>
<!-- Generated by org.testng.reporters.JUnitReportReporter -->
<testsuite hostname="FF0922" failures="0" tests="1" name="search.TC_001Test" time="8.637" errors="0" timestamp="2023-11-25T20:55:20 IST" skipped="0">
  <testcase classname="search.TC_001Test" name="addToTheProductToCart" time="8.637"/>
  <system-out>
    <![CDATA[searched product is displayed successfully]]>
  </system-out>
</testsuite> <!-- search.TC_001Test -->
